Using pre-set license
Built from '2020.3/staging' branch; Version is '2020.3.13f1 (71691879b7f5) revision 7432472'; Using compiler version '192528614'; Build Type 'Release'
OS: 'Windows 10 Pro; OS build 19043.1151; Version 2009; 64bit' Language: 'en' Physical Memory: 32665 MB
BatchMode: 1, IsHumanControllingUs: 0, StartBugReporterOnCrash: 0, Is64bit: 1, IsPro: 0

 COMMAND LINE ARGUMENTS:
C:\Program Files\Unity\Hub\Editor\2020.3.13f1\Editor\Unity.exe
-adb2
-batchMode
-noUpm
-name
AssetImportWorker0
-projectPath
E:/UNITY PROJECTS/SpatialScenes
-logFile
Logs/AssetImportWorker0.log
-srvPort
53237
Successfully changed project path to: E:/UNITY PROJECTS/SpatialScenes
E:/UNITY PROJECTS/SpatialScenes
Using Asset Import Pipeline V2.
Refreshing native plugins compatible for Editor in 49.66 ms, found 2 plugins.
Preloading 0 native plugins for Editor in 0.00 ms.
Initialize engine version: 2020.3.13f1 (71691879b7f5)
[Subsystems] Discovering subsystems at path C:/Program Files/Unity/Hub/Editor/2020.3.13f1/Editor/Data/Resources/UnitySubsystems
[Subsystems] Discovering subsystems at path E:/UNITY PROJECTS/SpatialScenes/Assets
GfxDevice: creating device client; threaded=0
Direct3D:
    Version:  Direct3D 11.0 [level 11.1]
    Renderer: NVIDIA GeForce RTX 3080 Laptop GPU (ID=0x249c)
    Vendor:   
    VRAM:     16202 MB
    Driver:   27.21.14.6140
Shader 'Universal Render Pipeline/Particles/Lit': fallback shader 'Universal Render Pipeline/Particles/SimpleLit' not found
Initialize mono
Mono path[0] = 'C:/Program Files/Unity/Hub/Editor/2020.3.13f1/Editor/Data/Managed'
Mono path[1] = 'C:/Program Files/Unity/Hub/Editor/2020.3.13f1/Editor/Data/MonoBleedingEdge/lib/mono/unityjit'
Mono config path = 'C:/Program Files/Unity/Hub/Editor/2020.3.13f1/Editor/Data/MonoBleedingEdge/etc'
Using monoOptions --debugger-agent=transport=dt_socket,embedding=1,server=y,suspend=n,address=127.0.0.1:56376
Begin MonoManager ReloadAssembly
Registering precompiled unity dll's ...
Register platform support module: C:/Program Files/Unity/Hub/Editor/2020.3.13f1/Editor/Data/PlaybackEngines/WebGLSupport/UnityEditor.WebGL.Extensions.dll
Register platform support module: C:/Program Files/Unity/Hub/Editor/2020.3.13f1/Editor/Data/PlaybackEngines/MacStandaloneSupport/UnityEditor.OSXStandalone.Extensions.dll
Register platform support module: C:/Program Files/Unity/Hub/Editor/2020.3.13f1/Editor/Data/PlaybackEngines/WindowsStandaloneSupport/UnityEditor.WindowsStandalone.Extensions.dll
Registered in 0.002519 seconds.
Native extension for WindowsStandalone target not found
Native extension for OSXStandalone target not found
Native extension for WebGL target not found
Refreshing native plugins compatible for Editor in 58.26 ms, found 2 plugins.
Preloading 0 native plugins for Editor in 0.00 ms.
Mono: successfully reloaded assembly
- Completed reload, in  1.600 seconds
Platform modules already initialized, skipping
Registering precompiled user dll's ...
Registered in 0.003918 seconds.
Begin MonoManager ReloadAssembly
Native extension for WindowsStandalone target not found
Native extension for OSXStandalone target not found
Native extension for WebGL target not found
Refreshing native plugins compatible for Editor in 54.57 ms, found 2 plugins.
Preloading 0 native plugins for Editor in 0.00 ms.
Mono: successfully reloaded assembly
- Completed reload, in  1.091 seconds
Platform modules already initialized, skipping
========================================================================
Worker process is ready to serve import requests
Shader 'Universal Render Pipeline/Particles/Lit': fallback shader 'Universal Render Pipeline/Particles/SimpleLit' not found
Launched and connected shader compiler UnityShaderCompiler.exe after 0.11 seconds
Refreshing native plugins compatible for Editor in 1.05 ms, found 2 plugins.
Preloading 0 native plugins for Editor in 0.00 ms.
Unloading 2848 Unused Serialized files (Serialized files now loaded: 0)
System memory in use before: 208.6 MB.
System memory in use after: 208.3 MB.

Unloading 34 unused Assets to reduce memory usage. Loaded Objects now: 3272.
Total: 3.616900 ms (FindLiveObjects: 0.401700 ms CreateObjectMapping: 0.237200 ms MarkObjects: 2.530000 ms  DeleteObjects: 0.446600 ms)

AssetImportParameters requested are different than current active one (requested -> active):
  custom:framework-win-MediaFoundation: 216162199b28c13a410421893ffa2e32 -> 
  custom:video-decoder-ogg-theora: a1e56fd34408186e4bbccfd4996cb3dc -> 
  custom:container-muxer-webm: aa71ff27fc2769a1b78a27578f13a17b -> 
  custom:container-demuxer-webm: 4f35f7cbe854078d1ac9338744f61a02 -> 
  custom:container-demuxer-ogg: 62fdf1f143b41e24485cea50d1cbac27 -> 
  custom:video-encoder-webm-vp8: eb34c28f22e8b96e1ab97ce403110664 -> 
  custom:video-decoder-webm-vp8: 9c59270c3fd7afecdb556c50c9e8de78 -> 
  custom:audio-decoder-ogg-vorbis: bf7c407c2cedff20999df2af8eb42d56 -> 
  custom:audio-encoder-webm-vorbis: bf7c407c2cedff20999df2af8eb42d56 -> 
========================================================================
Received Prepare
Registering precompiled user dll's ...
Registered in 0.004082 seconds.
Begin MonoManager ReloadAssembly
Native extension for WindowsStandalone target not found
Native extension for OSXStandalone target not found
Native extension for WebGL target not found
Refreshing native plugins compatible for Editor in 0.53 ms, found 2 plugins.
Preloading 0 native plugins for Editor in 0.00 ms.
Mono: successfully reloaded assembly
- Completed reload, in  0.969 seconds
Platform modules already initialized, skipping
Shader 'Universal Render Pipeline/Particles/Lit': fallback shader 'Universal Render Pipeline/Particles/SimpleLit' not found
Refreshing native plugins compatible for Editor in 0.59 ms, found 2 plugins.
Preloading 0 native plugins for Editor in 0.00 ms.
Unloading 2712 Unused Serialized files (Serialized files now loaded: 0)
System memory in use before: 198.9 MB.
System memory in use after: 198.7 MB.

Unloading 28 unused Assets to reduce memory usage. Loaded Objects now: 3275.
Total: 2.227700 ms (FindLiveObjects: 0.249500 ms CreateObjectMapping: 0.118200 ms MarkObjects: 1.613400 ms  DeleteObjects: 0.245900 ms)

AssetImportParameters requested are different than current active one (requested -> active):
  custom:framework-win-MediaFoundation: 216162199b28c13a410421893ffa2e32 -> 
  custom:video-decoder-ogg-theora: a1e56fd34408186e4bbccfd4996cb3dc -> 
  custom:container-muxer-webm: aa71ff27fc2769a1b78a27578f13a17b -> 
  custom:container-demuxer-webm: 4f35f7cbe854078d1ac9338744f61a02 -> 
  custom:container-demuxer-ogg: 62fdf1f143b41e24485cea50d1cbac27 -> 
  custom:video-encoder-webm-vp8: eb34c28f22e8b96e1ab97ce403110664 -> 
  custom:video-decoder-webm-vp8: 9c59270c3fd7afecdb556c50c9e8de78 -> 
  custom:audio-decoder-ogg-vorbis: bf7c407c2cedff20999df2af8eb42d56 -> 
  custom:audio-encoder-webm-vorbis: bf7c407c2cedff20999df2af8eb42d56 -> 
========================================================================
Received Import Request.
  path: Assets/PlattarExporter/Resources/README.txt
  artifactKey: Guid(fd00edcbe013b4d78b58ec99ae0dd7bb) Importer(815301076,1909f56bfc062723c751e8b465ee728b)
Start importing Assets/PlattarExporter/Resources/README.txt using Guid(fd00edcbe013b4d78b58ec99ae0dd7bb) Importer(815301076,1909f56bfc062723c751e8b465ee728b)  -> (artifact id: 'ea2af775bedc0858dbc6d5e0f52aa204') in 2.007750 seconds 
  Import took 2.013916 seconds .

========================================================================
Received Import Request.
  Time since last request: 9.866444 seconds.
  path: Assets/PlattarExporter/Plattar/Alignment/AlignmentPlane.prefab
  artifactKey: Guid(b149fde116ae84ccc8aa6a71092beeb2) Importer(815301076,1909f56bfc062723c751e8b465ee728b)
Start importing Assets/PlattarExporter/Plattar/Alignment/AlignmentPlane.prefab using Guid(b149fde116ae84ccc8aa6a71092beeb2) Importer(815301076,1909f56bfc062723c751e8b465ee728b)  -> (artifact id: '861a56a68ff48f28729ce5b0d9869267') in 0.487214 seconds 
  Import took 0.491965 seconds .

========================================================================
Received Prepare
Registering precompiled user dll's ...
Registered in 0.003069 seconds.
Begin MonoManager ReloadAssembly
Native extension for WindowsStandalone target not found
Native extension for OSXStandalone target not found
Native extension for WebGL target not found
Refreshing native plugins compatible for Editor in 0.52 ms, found 2 plugins.
Preloading 0 native plugins for Editor in 0.00 ms.
Mono: successfully reloaded assembly
- Completed reload, in  1.044 seconds
Platform modules already initialized, skipping
Shader 'Universal Render Pipeline/Particles/Lit': fallback shader 'Universal Render Pipeline/Particles/SimpleLit' not found
Refreshing native plugins compatible for Editor in 0.60 ms, found 2 plugins.
Preloading 0 native plugins for Editor in 0.00 ms.
Unloading 2691 Unused Serialized files (Serialized files now loaded: 0)
System memory in use before: 203.7 MB.
System memory in use after: 203.5 MB.

Unloading 27 unused Assets to reduce memory usage. Loaded Objects now: 3323.
Total: 2.396800 ms (FindLiveObjects: 0.251800 ms CreateObjectMapping: 0.148800 ms MarkObjects: 1.760600 ms  DeleteObjects: 0.234800 ms)

AssetImportParameters requested are different than current active one (requested -> active):
  custom:framework-win-MediaFoundation: 216162199b28c13a410421893ffa2e32 -> 
  custom:video-decoder-ogg-theora: a1e56fd34408186e4bbccfd4996cb3dc -> 
  custom:container-muxer-webm: aa71ff27fc2769a1b78a27578f13a17b -> 
  custom:container-demuxer-webm: 4f35f7cbe854078d1ac9338744f61a02 -> 
  custom:container-demuxer-ogg: 62fdf1f143b41e24485cea50d1cbac27 -> 
  custom:video-encoder-webm-vp8: eb34c28f22e8b96e1ab97ce403110664 -> 
  custom:video-decoder-webm-vp8: 9c59270c3fd7afecdb556c50c9e8de78 -> 
  custom:audio-decoder-ogg-vorbis: bf7c407c2cedff20999df2af8eb42d56 -> 
  custom:audio-encoder-webm-vorbis: bf7c407c2cedff20999df2af8eb42d56 -> 
========================================================================
Received Import Request.
  Time since last request: 273.881589 seconds.
  path: Assets/SeinJSUnityToolkit/Dependencies/Newtonsoft.Json.dll
  artifactKey: Guid(56f2a0e99c2c17b4894d75582302135d) Importer(815301076,1909f56bfc062723c751e8b465ee728b)
Start importing Assets/SeinJSUnityToolkit/Dependencies/Newtonsoft.Json.dll using Guid(56f2a0e99c2c17b4894d75582302135d) Importer(815301076,1909f56bfc062723c751e8b465ee728b)  -> (artifact id: 'f8ebe71ff63c0376a18916529f4010d8') in 0.287391 seconds 
  Import took 0.292186 seconds .

========================================================================
Received Prepare
Registering precompiled user dll's ...
Registered in 0.003562 seconds.
Begin MonoManager ReloadAssembly
Native extension for WindowsStandalone target not found
Native extension for OSXStandalone target not found
Native extension for WebGL target not found
Refreshing native plugins compatible for Editor in 0.56 ms, found 2 plugins.
Preloading 0 native plugins for Editor in 0.00 ms.
Mono: successfully reloaded assembly
- Completed reload, in  0.996 seconds
Platform modules already initialized, skipping
Shader 'Universal Render Pipeline/Particles/Lit': fallback shader 'Universal Render Pipeline/Particles/SimpleLit' not found
Refreshing native plugins compatible for Editor in 0.67 ms, found 2 plugins.
Preloading 0 native plugins for Editor in 0.00 ms.
Unloading 2797 Unused Serialized files (Serialized files now loaded: 0)
System memory in use before: 208.6 MB.
System memory in use after: 207.5 MB.

Unloading 38 unused Assets to reduce memory usage. Loaded Objects now: 3420.
Total: 3.233700 ms (FindLiveObjects: 0.260000 ms CreateObjectMapping: 0.118900 ms MarkObjects: 2.205800 ms  DeleteObjects: 0.647900 ms)

AssetImportParameters requested are different than current active one (requested -> active):
  custom:framework-win-MediaFoundation: 216162199b28c13a410421893ffa2e32 -> 
  custom:video-decoder-ogg-theora: a1e56fd34408186e4bbccfd4996cb3dc -> 
  custom:container-muxer-webm: aa71ff27fc2769a1b78a27578f13a17b -> 
  custom:container-demuxer-webm: 4f35f7cbe854078d1ac9338744f61a02 -> 
  custom:container-demuxer-ogg: 62fdf1f143b41e24485cea50d1cbac27 -> 
  custom:video-encoder-webm-vp8: eb34c28f22e8b96e1ab97ce403110664 -> 
  custom:video-decoder-webm-vp8: 9c59270c3fd7afecdb556c50c9e8de78 -> 
  custom:audio-decoder-ogg-vorbis: bf7c407c2cedff20999df2af8eb42d56 -> 
  custom:audio-encoder-webm-vorbis: bf7c407c2cedff20999df2af8eb42d56 -> 
========================================================================
Received Import Request.
  Time since last request: 125.845638 seconds.
  path: Assets/Resources/CustomSeinMaterial.cs
  artifactKey: Guid(086284caca2974e74ae034bff217a341) Importer(815301076,1909f56bfc062723c751e8b465ee728b)
Start importing Assets/Resources/CustomSeinMaterial.cs using Guid(086284caca2974e74ae034bff217a341) Importer(815301076,1909f56bfc062723c751e8b465ee728b)  -> (artifact id: '9956ca8e5aa69d15821ae462d5dbfe82') in 0.377617 seconds 
  Import took 0.382535 seconds .

========================================================================
Received Import Request.
  Time since last request: 5.667437 seconds.
  path: Assets/SeinJSUnityToolkit/Browser/readme.md
  artifactKey: Guid(bf35b7267be1f4fb3b2b95f53b51a81b) Importer(815301076,1909f56bfc062723c751e8b465ee728b)
Start importing Assets/SeinJSUnityToolkit/Browser/readme.md using Guid(bf35b7267be1f4fb3b2b95f53b51a81b) Importer(815301076,1909f56bfc062723c751e8b465ee728b)  -> (artifact id: '5db9fdab7f414bda7cd74d3ff34b0f34') in 1.061602 seconds 
  Import took 1.066149 seconds .

========================================================================
Received Import Request.
  Time since last request: 2.424805 seconds.
  path: Assets/SeinJSUnityToolkit/logo.jpg
  artifactKey: Guid(463c778a60a8b40e6830813ca8735a50) Importer(815301076,1909f56bfc062723c751e8b465ee728b)
Start importing Assets/SeinJSUnityToolkit/logo.jpg using Guid(463c778a60a8b40e6830813ca8735a50) Importer(815301076,1909f56bfc062723c751e8b465ee728b)  -> (artifact id: '5756919e632187ebc69fbf5f687bbc54') in 0.950403 seconds 
  Import took 0.954528 seconds .

========================================================================
Received Prepare
Registering precompiled user dll's ...
Registered in 0.002814 seconds.
Begin MonoManager ReloadAssembly
Native extension for WindowsStandalone target not found
Native extension for OSXStandalone target not found
Native extension for WebGL target not found
Refreshing native plugins compatible for Editor in 0.52 ms, found 2 plugins.
Preloading 0 native plugins for Editor in 0.00 ms.
Mono: successfully reloaded assembly
- Completed reload, in  0.965 seconds
Platform modules already initialized, skipping
Shader 'Universal Render Pipeline/Particles/Lit': fallback shader 'Universal Render Pipeline/Particles/SimpleLit' not found
Refreshing native plugins compatible for Editor in 0.60 ms, found 2 plugins.
Preloading 0 native plugins for Editor in 0.00 ms.
Unloading 2695 Unused Serialized files (Serialized files now loaded: 0)
System memory in use before: 204.8 MB.
System memory in use after: 204.6 MB.

Unloading 115 unused Assets to reduce memory usage. Loaded Objects now: 3336.
Total: 2.323300 ms (FindLiveObjects: 0.286500 ms CreateObjectMapping: 0.132400 ms MarkObjects: 1.651000 ms  DeleteObjects: 0.252200 ms)

AssetImportParameters requested are different than current active one (requested -> active):
  custom:framework-win-MediaFoundation: 216162199b28c13a410421893ffa2e32 -> 
  custom:video-decoder-ogg-theora: a1e56fd34408186e4bbccfd4996cb3dc -> 
  custom:container-muxer-webm: aa71ff27fc2769a1b78a27578f13a17b -> 
  custom:container-demuxer-webm: 4f35f7cbe854078d1ac9338744f61a02 -> 
  custom:container-demuxer-ogg: 62fdf1f143b41e24485cea50d1cbac27 -> 
  custom:video-encoder-webm-vp8: eb34c28f22e8b96e1ab97ce403110664 -> 
  custom:video-decoder-webm-vp8: 9c59270c3fd7afecdb556c50c9e8de78 -> 
  custom:audio-decoder-ogg-vorbis: bf7c407c2cedff20999df2af8eb42d56 -> 
  custom:audio-encoder-webm-vorbis: bf7c407c2cedff20999df2af8eb42d56 -> 
========================================================================
Received Prepare
Registering precompiled user dll's ...
Registered in 0.003034 seconds.
Begin MonoManager ReloadAssembly
Native extension for WindowsStandalone target not found
Native extension for OSXStandalone target not found
Native extension for WebGL target not found
Refreshing native plugins compatible for Editor in 0.66 ms, found 2 plugins.
Preloading 0 native plugins for Editor in 0.00 ms.
Mono: successfully reloaded assembly
- Completed reload, in  1.051 seconds
Platform modules already initialized, skipping
Shader 'Universal Render Pipeline/Particles/Lit': fallback shader 'Universal Render Pipeline/Particles/SimpleLit' not found
Refreshing native plugins compatible for Editor in 0.58 ms, found 2 plugins.
Preloading 0 native plugins for Editor in 0.00 ms.
Unloading 2691 Unused Serialized files (Serialized files now loaded: 0)
System memory in use before: 204.2 MB.
System memory in use after: 203.9 MB.

Unloading 30 unused Assets to reduce memory usage. Loaded Objects now: 3335.
Total: 2.449900 ms (FindLiveObjects: 0.247900 ms CreateObjectMapping: 0.114400 ms MarkObjects: 1.854600 ms  DeleteObjects: 0.232000 ms)

AssetImportParameters requested are different than current active one (requested -> active):
  custom:framework-win-MediaFoundation: 216162199b28c13a410421893ffa2e32 -> 
  custom:video-decoder-ogg-theora: a1e56fd34408186e4bbccfd4996cb3dc -> 
  custom:container-muxer-webm: aa71ff27fc2769a1b78a27578f13a17b -> 
  custom:container-demuxer-webm: 4f35f7cbe854078d1ac9338744f61a02 -> 
  custom:container-demuxer-ogg: 62fdf1f143b41e24485cea50d1cbac27 -> 
  custom:video-encoder-webm-vp8: eb34c28f22e8b96e1ab97ce403110664 -> 
  custom:video-decoder-webm-vp8: 9c59270c3fd7afecdb556c50c9e8de78 -> 
  custom:audio-decoder-ogg-vorbis: bf7c407c2cedff20999df2af8eb42d56 -> 
  custom:audio-encoder-webm-vorbis: bf7c407c2cedff20999df2af8eb42d56 -> 
========================================================================
Received Prepare
Registering precompiled user dll's ...
Registered in 0.003638 seconds.
Begin MonoManager ReloadAssembly
Native extension for WindowsStandalone target not found
Native extension for OSXStandalone target not found
Native extension for WebGL target not found
Refreshing native plugins compatible for Editor in 0.62 ms, found 3 plugins.
Preloading 0 native plugins for Editor in 0.00 ms.
Mono: successfully reloaded assembly
- Completed reload, in  2.397 seconds
Platform modules already initialized, skipping
Shader 'Universal Render Pipeline/Particles/Lit': fallback shader 'Universal Render Pipeline/Particles/SimpleLit' not found
Refreshing native plugins compatible for Editor in 0.62 ms, found 3 plugins.
Preloading 0 native plugins for Editor in 0.00 ms.
Unloading 2923 Unused Serialized files (Serialized files now loaded: 0)
System memory in use before: 210.9 MB.
System memory in use after: 210.6 MB.

Unloading 29 unused Assets to reduce memory usage. Loaded Objects now: 3567.
Total: 2.954800 ms (FindLiveObjects: 0.382900 ms CreateObjectMapping: 0.170600 ms MarkObjects: 2.128100 ms  DeleteObjects: 0.271900 ms)

AssetImportParameters requested are different than current active one (requested -> active):
  custom:framework-win-MediaFoundation: 216162199b28c13a410421893ffa2e32 -> 
  custom:video-decoder-ogg-theora: a1e56fd34408186e4bbccfd4996cb3dc -> 
  custom:container-muxer-webm: aa71ff27fc2769a1b78a27578f13a17b -> 
  custom:container-demuxer-webm: 4f35f7cbe854078d1ac9338744f61a02 -> 
  custom:container-demuxer-ogg: 62fdf1f143b41e24485cea50d1cbac27 -> 
  custom:video-encoder-webm-vp8: eb34c28f22e8b96e1ab97ce403110664 -> 
  custom:video-decoder-webm-vp8: 9c59270c3fd7afecdb556c50c9e8de78 -> 
  custom:audio-decoder-ogg-vorbis: bf7c407c2cedff20999df2af8eb42d56 -> 
  custom:audio-encoder-webm-vorbis: bf7c407c2cedff20999df2af8eb42d56 -> 
========================================================================
Received Import Request.
  Time since last request: 794.463109 seconds.
  path: Assets/Prefabs/Lobby.fbx
  artifactKey: Guid(88775dc939151014f82433a09915530c) Importer(815301076,1909f56bfc062723c751e8b465ee728b)
Start importing Assets/Prefabs/Lobby.fbx using Guid(88775dc939151014f82433a09915530c) Importer(815301076,1909f56bfc062723c751e8b465ee728b)  -> (artifact id: '1f2d67d7c4c28d02b98b1e0aade1e225') in 0.926272 seconds 
  Import took 0.943388 seconds .

========================================================================
Received Import Request.
  Time since last request: 16.930149 seconds.
  path: Assets/Prefabs/Lobby.fbx
  artifactKey: Guid(88775dc939151014f82433a09915530c) Importer(815301076,1909f56bfc062723c751e8b465ee728b)
Start importing Assets/Prefabs/Lobby.fbx using Guid(88775dc939151014f82433a09915530c) Importer(815301076,1909f56bfc062723c751e8b465ee728b)  -> (artifact id: 'e422a759aa507b5c3a04f729ceec9be4') in 2.576107 seconds 
  Import took 2.592385 seconds .

========================================================================
Received Import Request.
  Time since last request: 79.041970 seconds.
  path: Assets/Prefabs/Toon Nature Assets/Textures/Atlas_Lights_1A_D.psd
  artifactKey: Guid(4ba115274a6020648a9c649bba271b17) Importer(815301076,1909f56bfc062723c751e8b465ee728b)
Start importing Assets/Prefabs/Toon Nature Assets/Textures/Atlas_Lights_1A_D.psd using Guid(4ba115274a6020648a9c649bba271b17) Importer(815301076,1909f56bfc062723c751e8b465ee728b)  -> (artifact id: '0ec9308c3657510e049d09e1ac242479') in 0.090693 seconds 
  Import took 0.096199 seconds .

========================================================================
Received Import Request.
  Time since last request: 0.053792 seconds.
  path: Assets/Prefabs/Toon Nature Assets/Textures/Atlas_1A_D.psd
  artifactKey: Guid(a78e9e8e5b3c78e478acd63bd3cc9ac1) Importer(815301076,1909f56bfc062723c751e8b465ee728b)
Start importing Assets/Prefabs/Toon Nature Assets/Textures/Atlas_1A_D.psd using Guid(a78e9e8e5b3c78e478acd63bd3cc9ac1) Importer(815301076,1909f56bfc062723c751e8b465ee728b)  -> (artifact id: '055a12ebe2b57e72325dfb9d6407a752') in 0.030439 seconds 
  Import took 0.036121 seconds .

========================================================================
Received Import Request.
  Time since last request: 110.911890 seconds.
  path: Assets/Prefabs/Toon Nature Assets/Textures/TNA_Grass_1C_D.psd
  artifactKey: Guid(e6ae9676a0f66264daccb83cc021c6e6) Importer(815301076,1909f56bfc062723c751e8b465ee728b)
Start importing Assets/Prefabs/Toon Nature Assets/Textures/TNA_Grass_1C_D.psd using Guid(e6ae9676a0f66264daccb83cc021c6e6) Importer(815301076,1909f56bfc062723c751e8b465ee728b)  -> (artifact id: 'ab5be3d58b23d598335659cb76bd9ec7') in 0.093695 seconds 
  Import took 0.099005 seconds .

========================================================================
Received Import Request.
  Time since last request: 4.976761 seconds.
  path: Assets/Prefabs/Toon Nature Assets/Textures/Toon_Ramp_1D_D.psd
  artifactKey: Guid(e3fbf9d9634964f47a1534740e8417ee) Importer(815301076,1909f56bfc062723c751e8b465ee728b)
Start importing Assets/Prefabs/Toon Nature Assets/Textures/Toon_Ramp_1D_D.psd using Guid(e3fbf9d9634964f47a1534740e8417ee) Importer(815301076,1909f56bfc062723c751e8b465ee728b)  -> (artifact id: 'eb763303ed7b4aeca2a13163f0a6a166') in 1.825753 seconds 
  Import took 1.830942 seconds .

========================================================================
Received Import Request.
  Time since last request: 60.447631 seconds.
  path: Assets/Prefabs/Toon Nature Assets/Textures/TNA_Grass_Billboard_1C.psd
  artifactKey: Guid(117160219bac71840836a63f062368fe) Importer(815301076,1909f56bfc062723c751e8b465ee728b)
Start importing Assets/Prefabs/Toon Nature Assets/Textures/TNA_Grass_Billboard_1C.psd using Guid(117160219bac71840836a63f062368fe) Importer(815301076,1909f56bfc062723c751e8b465ee728b)  -> (artifact id: '729e5413a8f3a04deca7bd4fbfe83e7c') in 0.634855 seconds 
  Import took 0.639665 seconds .

========================================================================
Received Import Request.
  Time since last request: 324.127731 seconds.
  path: Assets/FBXExports/Lobby.fbx
  artifactKey: Guid(37d705dec00644f40b1579026de9512f) Importer(815301076,1909f56bfc062723c751e8b465ee728b)
Start importing Assets/FBXExports/Lobby.fbx using Guid(37d705dec00644f40b1579026de9512f) Importer(815301076,1909f56bfc062723c751e8b465ee728b)  -> (artifact id: 'f99461cc67ddac1e4bd2838601431c84') in 2.678548 seconds 
  Import took 2.695518 seconds .

========================================================================
Received Import Request.
  Time since last request: 51.530383 seconds.
  path: Assets/FBXExports/Lobby.fbx
  artifactKey: Guid(37d705dec00644f40b1579026de9512f) Importer(815301076,1909f56bfc062723c751e8b465ee728b)
Start importing Assets/FBXExports/Lobby.fbx using Guid(37d705dec00644f40b1579026de9512f) Importer(815301076,1909f56bfc062723c751e8b465ee728b)  -> (artifact id: 'c45b837202d7143940e9d6bf8bfe121c') in 2.777875 seconds 
  Import took 2.795844 seconds .

